Using pre-set license
Built from '2020.3/staging' branch; Version is '2020.3.0f1 (c7b5465681fb) revision 13088070'; Using compiler version '192528614'; Build Type 'Release'
OS: 'Windows 10 Home Single Language; OS build 19042.928; Version 2009; 64bit' Language: 'en' Physical Memory: 3961 MB
BatchMode: 1, IsHumanControllingUs: 0, StartBugReporterOnCrash: 0, Is64bit: 1, IsPro: 0

 COMMAND LINE ARGUMENTS:
C:\Program Files\Unity\Hub\Editor\2020.3.0f1\Editor\Unity.exe
-adb2
-batchMode
-noUpm
-name
AssetImportWorker9
-projectPath
C:/Users/DELL/Desktop/LabVR
-logFile
Logs/AssetImportWorker9.log
-srvPort
49874
Successfully changed project path to: C:/Users/DELL/Desktop/LabVR
C:/Users/DELL/Desktop/LabVR
Using Asset Import Pipeline V2.
Refreshing native plugins compatible for Editor in 39.29 ms, found 0 plugins.
Preloading 0 native plugins for Editor in 0.00 ms.
Initialize engine version: 2020.3.0f1 (c7b5465681fb)
[Subsystems] Discovering subsystems at path C:/Program Files/Unity/Hub/Editor/2020.3.0f1/Editor/Data/Resources/UnitySubsystems
[Subsystems] Discovering subsystems at path C:/Users/DELL/Desktop/LabVR/Assets
GfxDevice: creating device client; threaded=0
Direct3D:
    Version:  Direct3D 11.0 [level 11.1]
    Renderer: Intel(R) HD Graphics 620 (ID=0x5921)
    Vendor:   
    VRAM:     1980 MB
    Driver:   23.20.16.4973
Initialize mono
Mono path[0] = 'C:/Program Files/Unity/Hub/Editor/2020.3.0f1/Editor/Data/Managed'
Mono path[1] = 'C:/Program Files/Unity/Hub/Editor/2020.3.0f1/Editor/Data/MonoBleedingEdge/lib/mono/unityjit'
Mono config path = 'C:/Program Files/Unity/Hub/Editor/2020.3.0f1/Editor/Data/MonoBleedingEdge/etc'
Using monoOptions --debugger-agent=transport=dt_socket,embedding=1,server=y,suspend=n,address=127.0.0.1:56692
Begin MonoManager ReloadAssembly
Registering precompiled unity dll's ...
Register platform support module: C:/Program Files/Unity/Hub/Editor/2020.3.0f1/Editor/Data/PlaybackEngines/WebGLSupport/UnityEditor.WebGL.Extensions.dll
Register platform support module: C:/Program Files/Unity/Hub/Editor/2020.3.0f1/Editor/Data/PlaybackEngines/WindowsStandaloneSupport/UnityEditor.WindowsStandalone.Extensions.dll
Register platform support module: C:/Program Files/Unity/Hub/Editor/2020.3.0f1/Editor/Data/PlaybackEngines/LinuxStandaloneSupport/UnityEditor.LinuxStandalone.Extensions.dll
Registered in 0.003392 seconds.
Native extension for LinuxStandalone target not found
Native extension for WindowsStandalone target not found
Native extension for WebGL target not found
Refreshing native plugins compatible for Editor in 37.40 ms, found 0 plugins.
Preloading 0 native plugins for Editor in 0.00 ms.
Invoked RoslynAnalysisRunner static constructor.
RoslynAnalysisRunner will not be running.
RoslynAnalysisRunner has terminated.
Mono: successfully reloaded assembly
- Completed reload, in  3.023 seconds
Platform modules already initialized, skipping
Registering precompiled user dll's ...
Registered in 0.000969 seconds.
Begin MonoManager ReloadAssembly
Native extension for LinuxStandalone target not found
Native extension for WindowsStandalone target not found
Native extension for WebGL target not found
Refreshing native plugins compatible for Editor in 0.34 ms, found 0 plugins.
Preloading 0 native plugins for Editor in 0.00 ms.
Invoked RoslynAnalysisRunner static constructor.
RoslynAnalysisRunner will not be running.
RoslynAnalysisRunner has terminated.
Mono: successfully reloaded assembly
- Completed reload, in  2.621 seconds
Platform modules already initialized, skipping
========================================================================
Worker process is ready to serve import requests
Launched and connected shader compiler UnityShaderCompiler.exe after 0.39 seconds
Refreshing native plugins compatible for Editor in 0.28 ms, found 0 plugins.
Preloading 0 native plugins for Editor in 0.00 ms.
Unloading 1135 Unused Serialized files (Serialized files now loaded: 0)
System memory in use before: 59.3 MB.
System memory in use after: 59.4 MB.

Unloading 9 unused Assets to reduce memory usage. Loaded Objects now: 1579.
Total: 5.309000 ms (FindLiveObjects: 0.455100 ms CreateObjectMapping: 0.139100 ms MarkObjects: 4.496200 ms  DeleteObjects: 0.214100 ms)

========================================================================
Received Import Request.
  path: Assets/Scripts/Login.cs
  artifactKey: Guid(0cd5a07bfe09ef04fad8a1d73ca41967) Importer(815301076,1909f56bfc062723c751e8b465ee728b)
Start importing Assets/Scripts/Login.cs using Guid(0cd5a07bfe09ef04fad8a1d73ca41967) Importer(815301076,1909f56bfc062723c751e8b465ee728b)  -> (artifact id: '63c42f79f903cf638481f5f1954e0d7a') in 1.093500 seconds
  Import took 1.124319 seconds .

========================================================================
Received Prepare
Registering precompiled user dll's ...
Registered in 0.001080 seconds.
Begin MonoManager ReloadAssembly
Native extension for LinuxStandalone target not found
Native extension for WindowsStandalone target not found
Native extension for WebGL target not found
Refreshing native plugins compatible for Editor in 0.43 ms, found 0 plugins.
Preloading 0 native plugins for Editor in 0.00 ms.
Invoked RoslynAnalysisRunner static constructor.
RoslynAnalysisRunner will not be running.
RoslynAnalysisRunner has terminated.
Mono: successfully reloaded assembly
- Completed reload, in  5.893 seconds
Platform modules already initialized, skipping
Refreshing native plugins compatible for Editor in 0.49 ms, found 0 plugins.
Preloading 0 native plugins for Editor in 0.00 ms.
Unloading 1116 Unused Serialized files (Serialized files now loaded: 0)
System memory in use before: 58.2 MB.
System memory in use after: 58.3 MB.

Unloading 4 unused Assets to reduce memory usage. Loaded Objects now: 1582.
Total: 5.357700 ms (FindLiveObjects: 0.288500 ms CreateObjectMapping: 0.100200 ms MarkObjects: 4.917000 ms  DeleteObjects: 0.048600 ms)

========================================================================
Received Prepare
Registering precompiled user dll's ...
Registered in 0.001042 seconds.
Begin MonoManager ReloadAssembly
Native extension for LinuxStandalone target not found
Native extension for WindowsStandalone target not found
Native extension for WebGL target not found
Refreshing native plugins compatible for Editor in 0.33 ms, found 0 plugins.
Preloading 0 native plugins for Editor in 0.00 ms.
Invoked RoslynAnalysisRunner static constructor.
RoslynAnalysisRunner will not be running.
RoslynAnalysisRunner has terminated.
Mono: successfully reloaded assembly
- Completed reload, in  1.544 seconds
Platform modules already initialized, skipping
Refreshing native plugins compatible for Editor in 0.43 ms, found 0 plugins.
Preloading 0 native plugins for Editor in 0.00 ms.
Unloading 1116 Unused Serialized files (Serialized files now loaded: 0)
System memory in use before: 58.2 MB.
System memory in use after: 58.3 MB.

Unloading 4 unused Assets to reduce memory usage. Loaded Objects now: 1585.
Total: 2.264100 ms (FindLiveObjects: 0.252200 ms CreateObjectMapping: 0.056800 ms MarkObjects: 1.927200 ms  DeleteObjects: 0.025100 ms)

========================================================================
Received Prepare
Registering precompiled user dll's ...
Registered in 0.001324 seconds.
Begin MonoManager ReloadAssembly
Native extension for LinuxStandalone target not found
Native extension for WindowsStandalone target not found
Native extension for WebGL target not found
Refreshing native plugins compatible for Editor in 0.32 ms, found 0 plugins.
Preloading 0 native plugins for Editor in 0.00 ms.
Invoked RoslynAnalysisRunner static constructor.
RoslynAnalysisRunner will not be running.
RoslynAnalysisRunner has terminated.
Mono: successfully reloaded assembly
- Completed reload, in  1.456 seconds
Platform modules already initialized, skipping
Refreshing native plugins compatible for Editor in 0.50 ms, found 0 plugins.
Preloading 0 native plugins for Editor in 0.00 ms.
Unloading 1116 Unused Serialized files (Serialized files now loaded: 0)
System memory in use before: 58.2 MB.
System memory in use after: 58.3 MB.

Unloading 4 unused Assets to reduce memory usage. Loaded Objects now: 1588.
Total: 2.303800 ms (FindLiveObjects: 0.198100 ms CreateObjectMapping: 0.082800 ms MarkObjects: 1.991000 ms  DeleteObjects: 0.029300 ms)

========================================================================
Received Import Request.
  Time since last request: 799.315401 seconds.
  path: Assets/TextMesh Pro/Resources/Style Sheets/Default Style Sheet.asset
  artifactKey: Guid(f952c082cb03451daed3ee968ac6c63e) Importer(815301076,1909f56bfc062723c751e8b465ee728b)
Start importing Assets/TextMesh Pro/Resources/Style Sheets/Default Style Sheet.asset using Guid(f952c082cb03451daed3ee968ac6c63e) Importer(815301076,1909f56bfc062723c751e8b465ee728b)  -> (artifact id: '364e1a425941ebb6851bd4dcbf6530e8') in 0.304690 seconds
  Import took 0.322178 seconds .

========================================================================
Received Import Request.
  Time since last request: 0.000412 seconds.
  path: Assets/TextMesh Pro/Fonts/digital-7.ttf
  artifactKey: Guid(ee53735e2b0c9284eb2da6fd00f54386) Importer(815301076,1909f56bfc062723c751e8b465ee728b)
Start importing Assets/TextMesh Pro/Fonts/digital-7.ttf using Guid(ee53735e2b0c9284eb2da6fd00f54386) Importer(815301076,1909f56bfc062723c751e8b465ee728b)  -> (artifact id: 'a622976d725b60cf0786a3b9636d2f47') in 0.898234 seconds
  Import took 0.923828 seconds .

========================================================================
Received Import Request.
  Time since last request: 0.000415 seconds.
  path: Assets/TextMesh Pro/Resources/Style Sheets/Default Style Sheet.asset
  artifactKey: Guid(f952c082cb03451daed3ee968ac6c63e) Importer(815301076,1909f56bfc062723c751e8b465ee728b)
Start importing Assets/TextMesh Pro/Resources/Style Sheets/Default Style Sheet.asset using Guid(f952c082cb03451daed3ee968ac6c63e) Importer(815301076,1909f56bfc062723c751e8b465ee728b)  -> (artifact id: '364e1a425941ebb6851bd4dcbf6530e8') in 0.029050 seconds
  Import took 0.050094 seconds .

========================================================================
Received Import Request.
  Time since last request: 0.394056 seconds.
  path: Assets/TextMesh Pro/Fonts/digital-7 SDF.asset
  artifactKey: Guid(28f20590529f0cb4d84ed980c8bc15f6) Importer(815301076,1909f56bfc062723c751e8b465ee728b)
Start importing Assets/TextMesh Pro/Fonts/digital-7 SDF.asset using Guid(28f20590529f0cb4d84ed980c8bc15f6) Importer(815301076,1909f56bfc062723c751e8b465ee728b)  -> (artifact id: '3727037d64f35cdfc5256abf152555ff') in 0.103693 seconds
  Import took 0.123337 seconds .

========================================================================
Received Import Request.
  Time since last request: 0.163594 seconds.
  path: Assets/TextMesh Pro/Sprites/EmojiOne.png
  artifactKey: Guid(dffef66376be4fa480fb02b19edbe903) Importer(815301076,1909f56bfc062723c751e8b465ee728b)
Start importing Assets/TextMesh Pro/Sprites/EmojiOne.png using Guid(dffef66376be4fa480fb02b19edbe903) Importer(815301076,1909f56bfc062723c751e8b465ee728b)  -> (artifact id: '020ef5bd05796b6f1b5d86d1905a212b') in 1.011107 seconds
  Import took 1.032846 seconds .

========================================================================
Received Import Request.
  Time since last request: 0.000530 seconds.
  path: Assets/TextMesh Pro/Resources/Sprite Assets/EmojiOne.asset
  artifactKey: Guid(c41005c129ba4d66911b75229fd70b45) Importer(815301076,1909f56bfc062723c751e8b465ee728b)
Start importing Assets/TextMesh Pro/Resources/Sprite Assets/EmojiOne.asset using Guid(c41005c129ba4d66911b75229fd70b45) Importer(815301076,1909f56bfc062723c751e8b465ee728b)  -> (artifact id: '08c86057e76dbab86fd5a5497b65f1ed') in 0.024950 seconds
  Import took 0.048446 seconds .

========================================================================
Received Prepare
Registering precompiled user dll's ...
Registered in 0.000953 seconds.
Begin MonoManager ReloadAssembly
Native extension for LinuxStandalone target not found
Native extension for WindowsStandalone target not found
Native extension for WebGL target not found
Refreshing native plugins compatible for Editor in 0.35 ms, found 0 plugins.
Preloading 0 native plugins for Editor in 0.00 ms.
Invoked RoslynAnalysisRunner static constructor.
RoslynAnalysisRunner will not be running.
RoslynAnalysisRunner has terminated.
Mono: successfully reloaded assembly
- Completed reload, in  1.439 seconds
Platform modules already initialized, skipping
Refreshing native plugins compatible for Editor in 0.32 ms, found 0 plugins.
Preloading 0 native plugins for Editor in 0.00 ms.
Unloading 1116 Unused Serialized files (Serialized files now loaded: 0)
System memory in use before: 61.8 MB.
System memory in use after: 61.9 MB.

Unloading 4 unused Assets to reduce memory usage. Loaded Objects now: 1636.
Total: 3.073100 ms (FindLiveObjects: 0.181700 ms CreateObjectMapping: 0.065000 ms MarkObjects: 2.800700 ms  DeleteObjects: 0.023100 ms)

========================================================================
Received Prepare
Registering precompiled user dll's ...
Registered in 0.001001 seconds.
Begin MonoManager ReloadAssembly
Native extension for LinuxStandalone target not found
Native extension for WindowsStandalone target not found
Native extension for WebGL target not found
Refreshing native plugins compatible for Editor in 0.28 ms, found 0 plugins.
Preloading 0 native plugins for Editor in 0.00 ms.
Invoked RoslynAnalysisRunner static constructor.
RoslynAnalysisRunner will not be running.
RoslynAnalysisRunner has terminated.
Mono: successfully reloaded assembly
- Completed reload, in  1.400 seconds
Platform modules already initialized, skipping
Refreshing native plugins compatible for Editor in 0.31 ms, found 0 plugins.
Preloading 0 native plugins for Editor in 0.00 ms.
Unloading 1116 Unused Serialized files (Serialized files now loaded: 0)
System memory in use before: 61.8 MB.
System memory in use after: 61.9 MB.

Unloading 4 unused Assets to reduce memory usage. Loaded Objects now: 1639.
Total: 3.798800 ms (FindLiveObjects: 0.213100 ms CreateObjectMapping: 0.078600 ms MarkObjects: 3.480600 ms  DeleteObjects: 0.024800 ms)

========================================================================
Received Prepare
Registering precompiled user dll's ...
Registered in 0.000985 seconds.
Begin MonoManager ReloadAssembly
Native extension for LinuxStandalone target not found
Native extension for WindowsStandalone target not found
Native extension for WebGL target not found
Refreshing native plugins compatible for Editor in 0.30 ms, found 0 plugins.
Preloading 0 native plugins for Editor in 0.00 ms.
Invoked RoslynAnalysisRunner static constructor.
RoslynAnalysisRunner will not be running.
RoslynAnalysisRunner has terminated.
Mono: successfully reloaded assembly
- Completed reload, in  1.358 seconds
Platform modules already initialized, skipping
Refreshing native plugins compatible for Editor in 0.30 ms, found 0 plugins.
Preloading 0 native plugins for Editor in 0.00 ms.
Unloading 1116 Unused Serialized files (Serialized files now loaded: 0)
System memory in use before: 61.8 MB.
System memory in use after: 61.9 MB.

Unloading 4 unused Assets to reduce memory usage. Loaded Objects now: 1642.
Total: 2.787000 ms (FindLiveObjects: 0.231900 ms CreateObjectMapping: 0.060100 ms MarkObjects: 2.455500 ms  DeleteObjects: 0.037000 ms)

========================================================================
Received Prepare
Registering precompiled user dll's ...
Registered in 0.001161 seconds.
Begin MonoManager ReloadAssembly
Native extension for LinuxStandalone target not found
Native extension for WindowsStandalone target not found
Native extension for WebGL target not found
Refreshing native plugins compatible for Editor in 0.28 ms, found 0 plugins.
Preloading 0 native plugins for Editor in 0.00 ms.
Invoked RoslynAnalysisRunner static constructor.
RoslynAnalysisRunner will not be running.
RoslynAnalysisRunner has terminated.
Mono: successfully reloaded assembly
- Completed reload, in  1.601 seconds
Platform modules already initialized, skipping
Refreshing native plugins compatible for Editor in 0.29 ms, found 0 plugins.
Preloading 0 native plugins for Editor in 0.00 ms.
Unloading 1116 Unused Serialized files (Serialized files now loaded: 0)
System memory in use before: 61.8 MB.
System memory in use after: 61.9 MB.

Unloading 4 unused Assets to reduce memory usage. Loaded Objects now: 1645.
Total: 3.191500 ms (FindLiveObjects: 0.276500 ms CreateObjectMapping: 0.088600 ms MarkObjects: 2.796300 ms  DeleteObjects: 0.027100 ms)

========================================================================
Received Import Request.
  Time since last request: 591.722205 seconds.
  path: Assets/TextMesh Pro/Fonts/LiberationSans.ttf
  artifactKey: Guid(e3265ab4bf004d28a9537516768c1c75) Importer(815301076,1909f56bfc062723c751e8b465ee728b)
Start importing Assets/TextMesh Pro/Fonts/LiberationSans.ttf using Guid(e3265ab4bf004d28a9537516768c1c75) Importer(815301076,1909f56bfc062723c751e8b465ee728b)  -> (artifact id: '854ad3a8d64970eaf6ec8dfec26b0aad') in 0.195825 seconds
  Import took 0.213372 seconds .

========================================================================
Received Import Request.
  Time since last request: 114.266736 seconds.
  path: Assets/Scenes/Simple Pendulum VR.unity
  artifactKey: Guid(e9be53e49101e4b4a8460d19602c3c18) Importer(815301076,1909f56bfc062723c751e8b465ee728b)
Start importing Assets/Scenes/Simple Pendulum VR.unity using Guid(e9be53e49101e4b4a8460d19602c3c18) Importer(815301076,1909f56bfc062723c751e8b465ee728b)  -> (artifact id: '7c8930500929f57416525e1f3fc317b7') in 0.018567 seconds
  Import took 0.066272 seconds .

========================================================================
Received Import Request.
  Time since last request: 114.927504 seconds.
  path: Assets/Scripts/VR/Simple Pendulum/TimerRecord.cs
  artifactKey: Guid(5a33d8763ad53bc47abe866a0fc54db5) Importer(815301076,1909f56bfc062723c751e8b465ee728b)
Start importing Assets/Scripts/VR/Simple Pendulum/TimerRecord.cs using Guid(5a33d8763ad53bc47abe866a0fc54db5) Importer(815301076,1909f56bfc062723c751e8b465ee728b)  -> (artifact id: '83ca6f35e24486d9ae0ae5bff128f313') in 0.017472 seconds
  Import took 0.021830 seconds .

========================================================================
Received Import Request.
  Time since last request: 0.046219 seconds.
  path: Assets/Scripts/VR/Simple Pendulum/TimerRecord.cs
  artifactKey: Guid(5a33d8763ad53bc47abe866a0fc54db5) Importer(815301076,1909f56bfc062723c751e8b465ee728b)
Start importing Assets/Scripts/VR/Simple Pendulum/TimerRecord.cs using Guid(5a33d8763ad53bc47abe866a0fc54db5) Importer(815301076,1909f56bfc062723c751e8b465ee728b)  -> (artifact id: '83ca6f35e24486d9ae0ae5bff128f313') in 0.009421 seconds
  Import took 0.013644 seconds .

========================================================================
Received Prepare
Registering precompiled user dll's ...
Registered in 0.001834 seconds.
Begin MonoManager ReloadAssembly
Native extension for LinuxStandalone target not found
Native extension for WindowsStandalone target not found
Native extension for WebGL target not found
Refreshing native plugins compatible for Editor in 0.28 ms, found 0 plugins.
Preloading 0 native plugins for Editor in 0.00 ms.
Invoked RoslynAnalysisRunner static constructor.
RoslynAnalysisRunner will not be running.
RoslynAnalysisRunner has terminated.
Mono: successfully reloaded assembly
- Completed reload, in  1.222 seconds
Platform modules already initialized, skipping
Refreshing native plugins compatible for Editor in 0.28 ms, found 0 plugins.
Preloading 0 native plugins for Editor in 0.00 ms.
Unloading 1117 Unused Serialized files (Serialized files now loaded: 0)
System memory in use before: 61.8 MB.
System memory in use after: 61.9 MB.

Unloading 4 unused Assets to reduce memory usage. Loaded Objects now: 1651.
Total: 2.818500 ms (FindLiveObjects: 0.234200 ms CreateObjectMapping: 0.082500 ms MarkObjects: 2.475200 ms  DeleteObjects: 0.024100 ms)

========================================================================
Received Import Request.
  Time since last request: 70.356982 seconds.
  path: Assets/Scripts/VR/Simple Pendulum/PendulumBehaviour.cs
  artifactKey: Guid(2e75f4ecd9c515b4cb824601edd336b5) Importer(815301076,1909f56bfc062723c751e8b465ee728b)
Start importing Assets/Scripts/VR/Simple Pendulum/PendulumBehaviour.cs using Guid(2e75f4ecd9c515b4cb824601edd336b5) Importer(815301076,1909f56bfc062723c751e8b465ee728b)  -> (artifact id: '73a32a3d93f60ef96fc8496cf14c6f4a') in 0.026039 seconds
  Import took 0.047921 seconds .

========================================================================
Received Prepare
Registering precompiled user dll's ...
Registered in 0.000969 seconds.
Begin MonoManager ReloadAssembly
Native extension for LinuxStandalone target not found
Native extension for WindowsStandalone target not found
Native extension for WebGL target not found
Refreshing native plugins compatible for Editor in 0.42 ms, found 0 plugins.
Preloading 0 native plugins for Editor in 0.00 ms.
Invoked RoslynAnalysisRunner static constructor.
RoslynAnalysisRunner will not be running.
RoslynAnalysisRunner has terminated.
Mono: successfully reloaded assembly
- Completed reload, in  1.423 seconds
Platform modules already initialized, skipping
Refreshing native plugins compatible for Editor in 0.29 ms, found 0 plugins.
Preloading 0 native plugins for Editor in 0.00 ms.
Unloading 1116 Unused Serialized files (Serialized files now loaded: 0)
System memory in use before: 61.8 MB.
System memory in use after: 61.9 MB.

Unloading 5 unused Assets to reduce memory usage. Loaded Objects now: 1653.
Total: 2.875800 ms (FindLiveObjects: 0.319400 ms CreateObjectMapping: 0.082500 ms MarkObjects: 2.442200 ms  DeleteObjects: 0.029200 ms)

========================================================================
Received Import Request.
  Time since last request: 32.439001 seconds.
  path: Assets/Scripts/VR/Simple Pendulum/PendulumOscillate.cs
  artifactKey: Guid(79d649be72ac02544bb201cc82ff43d1) Importer(815301076,1909f56bfc062723c751e8b465ee728b)
Start importing Assets/Scripts/VR/Simple Pendulum/PendulumOscillate.cs using Guid(79d649be72ac02544bb201cc82ff43d1) Importer(815301076,1909f56bfc062723c751e8b465ee728b)  -> (artifact id: '7507e7d0231dce4afb2d0dc195adf6d4') in 0.042100 seconds
  Import took 0.054817 seconds .

========================================================================
Received Import Request.
  Time since last request: 0.005263 seconds.
  path: Assets/Scripts/VR/Simple Pendulum/PendulumOscillate.cs
  artifactKey: Guid(79d649be72ac02544bb201cc82ff43d1) Importer(815301076,1909f56bfc062723c751e8b465ee728b)
Start importing Assets/Scripts/VR/Simple Pendulum/PendulumOscillate.cs using Guid(79d649be72ac02544bb201cc82ff43d1) Importer(815301076,1909f56bfc062723c751e8b465ee728b)  -> (artifact id: '7507e7d0231dce4afb2d0dc195adf6d4') in 0.018759 seconds
  Import took 0.030753 seconds .

========================================================================
Received Prepare
Registering precompiled user dll's ...
Registered in 0.000963 seconds.
Begin MonoManager ReloadAssembly
Native extension for LinuxStandalone target not found
Native extension for WindowsStandalone target not found
Native extension for WebGL target not found
Refreshing native plugins compatible for Editor in 0.28 ms, found 0 plugins.
Preloading 0 native plugins for Editor in 0.00 ms.
Invoked RoslynAnalysisRunner static constructor.
RoslynAnalysisRunner will not be running.
RoslynAnalysisRunner has terminated.
Mono: successfully reloaded assembly
- Completed reload, in  1.626 seconds
Platform modules already initialized, skipping
Refreshing native plugins compatible for Editor in 0.32 ms, found 0 plugins.
Preloading 0 native plugins for Editor in 0.00 ms.
Unloading 1117 Unused Serialized files (Serialized files now loaded: 0)
System memory in use before: 61.9 MB.
System memory in use after: 62.0 MB.

Unloading 4 unused Assets to reduce memory usage. Loaded Objects now: 1657.
Total: 2.816300 ms (FindLiveObjects: 0.220300 ms CreateObjectMapping: 0.080800 ms MarkObjects: 2.486400 ms  DeleteObjects: 0.026700 ms)

========================================================================
Received Import Request.
  Time since last request: 175.050959 seconds.
  path: Assets/Scripts/VR/Simple Pendulum/PendulumOscillate.cs
  artifactKey: Guid(79d649be72ac02544bb201cc82ff43d1) Importer(815301076,1909f56bfc062723c751e8b465ee728b)
Start importing Assets/Scripts/VR/Simple Pendulum/PendulumOscillate.cs using Guid(79d649be72ac02544bb201cc82ff43d1) Importer(815301076,1909f56bfc062723c751e8b465ee728b)  -> (artifact id: '13fc2d0ae36b20fb81915af461d1af26') in 0.032134 seconds
  Import took 0.059750 seconds .

========================================================================
Received Import Request.
  Time since last request: 0.004927 seconds.
  path: Assets/Scripts/VR/Simple Pendulum/PendulumOscillate.cs
  artifactKey: Guid(79d649be72ac02544bb201cc82ff43d1) Importer(815301076,1909f56bfc062723c751e8b465ee728b)
Start importing Assets/Scripts/VR/Simple Pendulum/PendulumOscillate.cs using Guid(79d649be72ac02544bb201cc82ff43d1) Importer(815301076,1909f56bfc062723c751e8b465ee728b)  -> (artifact id: '13fc2d0ae36b20fb81915af461d1af26') in 0.017078 seconds
  Import took 0.021603 seconds .

========================================================================
Received Import Request.
  Time since last request: 17.492908 seconds.
  path: Assets/Scripts/VR/Simple Pendulum/PendulumOscillate.cs
  artifactKey: Guid(79d649be72ac02544bb201cc82ff43d1) Importer(815301076,1909f56bfc062723c751e8b465ee728b)
Start importing Assets/Scripts/VR/Simple Pendulum/PendulumOscillate.cs using Guid(79d649be72ac02544bb201cc82ff43d1) Importer(815301076,1909f56bfc062723c751e8b465ee728b)  -> (artifact id: '3cf341680c5bc9676af3cf63f2d2678e') in 0.010848 seconds
  Import took 0.039455 seconds .

========================================================================
Received Import Request.
  Time since last request: 162.331735 seconds.
  path: Assets/Scripts/VR/Simple Pendulum/PendulumOscillate.cs
  artifactKey: Guid(79d649be72ac02544bb201cc82ff43d1) Importer(815301076,1909f56bfc062723c751e8b465ee728b)
Start importing Assets/Scripts/VR/Simple Pendulum/PendulumOscillate.cs using Guid(79d649be72ac02544bb201cc82ff43d1) Importer(815301076,1909f56bfc062723c751e8b465ee728b)  -> (artifact id: 'db7384f6d1b1980b0a235f7723c0d2ec') in 0.013117 seconds
  Import took 0.038767 seconds .

========================================================================
Received Import Request.
  Time since last request: 35.035596 seconds.
  path: Assets/Scripts/VR/Simple Pendulum/PendulumOscillate.cs
  artifactKey: Guid(79d649be72ac02544bb201cc82ff43d1) Importer(815301076,1909f56bfc062723c751e8b465ee728b)
Start importing Assets/Scripts/VR/Simple Pendulum/PendulumOscillate.cs using Guid(79d649be72ac02544bb201cc82ff43d1) Importer(815301076,1909f56bfc062723c751e8b465ee728b)  -> (artifact id: '61e48ae9f2f97d75b5ff44402e7a99bc') in 0.018984 seconds
  Import took 0.035662 seconds .

========================================================================
Received Prepare
Registering precompiled user dll's ...
Registered in 0.001433 seconds.
Begin MonoManager ReloadAssembly
Native extension for LinuxStandalone target not found
Native extension for WindowsStandalone target not found
Native extension for WebGL target not found
Refreshing native plugins compatible for Editor in 0.27 ms, found 0 plugins.
Preloading 0 native plugins for Editor in 0.00 ms.
Invoked RoslynAnalysisRunner static constructor.
RoslynAnalysisRunner will not be running.
RoslynAnalysisRunner has terminated.
Mono: successfully reloaded assembly
- Completed reload, in  1.366 seconds
Platform modules already initialized, skipping
Refreshing native plugins compatible for Editor in 0.27 ms, found 0 plugins.
Preloading 0 native plugins for Editor in 0.00 ms.
Unloading 1117 Unused Serialized files (Serialized files now loaded: 0)
System memory in use before: 61.9 MB.
System memory in use after: 62.0 MB.

Unloading 4 unused Assets to reduce memory usage. Loaded Objects now: 1660.
Total: 3.081600 ms (FindLiveObjects: 0.258600 ms CreateObjectMapping: 0.088700 ms MarkObjects: 2.709400 ms  DeleteObjects: 0.022800 ms)

========================================================================
Received Prepare
Registering precompiled user dll's ...
Registered in 0.004736 seconds.
Begin MonoManager ReloadAssembly
Native extension for LinuxStandalone target not found
Native extension for WindowsStandalone target not found
Native extension for WebGL target not found
Refreshing native plugins compatible for Editor in 0.51 ms, found 0 plugins.
Preloading 0 native plugins for Editor in 0.00 ms.
Invoked RoslynAnalysisRunner static constructor.
RoslynAnalysisRunner will not be running.
RoslynAnalysisRunner has terminated.
Mono: successfully reloaded assembly
- Completed reload, in  5.904 seconds
Platform modules already initialized, skipping
Refreshing native plugins compatible for Editor in 0.53 ms, found 0 plugins.
Preloading 0 native plugins for Editor in 0.00 ms.
Unloading 1117 Unused Serialized files (Serialized files now loaded: 0)
System memory in use before: 61.9 MB.
System memory in use after: 62.0 MB.

Unloading 4 unused Assets to reduce memory usage. Loaded Objects now: 1663.
Total: 5.150500 ms (FindLiveObjects: 0.825200 ms CreateObjectMapping: 0.131900 ms MarkObjects: 4.154600 ms  DeleteObjects: 0.034900 ms)

========================================================================
Received Prepare
Registering precompiled user dll's ...
Registered in 0.001999 seconds.
Begin MonoManager ReloadAssembly
Native extension for LinuxStandalone target not found
Native extension for WindowsStandalone target not found
Native extension for WebGL target not found
Refreshing native plugins compatible for Editor in 0.45 ms, found 0 plugins.
Preloading 0 native plugins for Editor in 0.00 ms.
Invoked RoslynAnalysisRunner static constructor.
RoslynAnalysisRunner will not be running.
RoslynAnalysisRunner has terminated.
Mono: successfully reloaded assembly
- Completed reload, in  4.061 seconds
Platform modules already initialized, skipping
Refreshing native plugins compatible for Editor in 1.06 ms, found 0 plugins.
Preloading 0 native plugins for Editor in 0.00 ms.
Unloading 1117 Unused Serialized files (Serialized files now loaded: 0)
System memory in use before: 61.9 MB.
System memory in use after: 62.0 MB.

Unloading 4 unused Assets to reduce memory usage. Loaded Objects now: 1666.
Total: 8.915800 ms (FindLiveObjects: 0.678200 ms CreateObjectMapping: 0.124200 ms MarkObjects: 7.893300 ms  DeleteObjects: 0.203300 ms)

========================================================================
Received Prepare
Registering precompiled user dll's ...
Registered in 0.000973 seconds.
Begin MonoManager ReloadAssembly
Native extension for LinuxStandalone target not found
Native extension for WindowsStandalone target not found
Native extension for WebGL target not found
Refreshing native plugins compatible for Editor in 0.34 ms, found 0 plugins.
Preloading 0 native plugins for Editor in 0.00 ms.
Invoked RoslynAnalysisRunner static constructor.
RoslynAnalysisRunner will not be running.
RoslynAnalysisRunner has terminated.
Mono: successfully reloaded assembly
- Completed reload, in  1.452 seconds
Platform modules already initialized, skipping
Refreshing native plugins compatible for Editor in 0.29 ms, found 0 plugins.
Preloading 0 native plugins for Editor in 0.00 ms.
Unloading 1117 Unused Serialized files (Serialized files now loaded: 0)
System memory in use before: 61.9 MB.
System memory in use after: 62.0 MB.

Unloading 4 unused Assets to reduce memory usage. Loaded Objects now: 1669.
Total: 2.468900 ms (FindLiveObjects: 0.209600 ms CreateObjectMapping: 0.057400 ms MarkObjects: 2.170600 ms  DeleteObjects: 0.028800 ms)

========================================================================
Received Import Request.
  Time since last request: 763.072062 seconds.
  path: Assets/Scripts/VR/Simple Pendulum/PendulumOscillate.cs
  artifactKey: Guid(79d649be72ac02544bb201cc82ff43d1) Importer(815301076,1909f56bfc062723c751e8b465ee728b)
Start importing Assets/Scripts/VR/Simple Pendulum/PendulumOscillate.cs using Guid(79d649be72ac02544bb201cc82ff43d1) Importer(815301076,1909f56bfc062723c751e8b465ee728b)  -> (artifact id: '06861bd741c4f86b03259cb7cb3ae592') in 0.010728 seconds
  Import took 0.058087 seconds .

========================================================================
Received Import Request.
  Time since last request: 0.000429 seconds.
  path: Assets/Scripts/VR/Simple Pendulum/PendulumOscillate.cs
  artifactKey: Guid(79d649be72ac02544bb201cc82ff43d1) Importer(815301076,1909f56bfc062723c751e8b465ee728b)
Start importing Assets/Scripts/VR/Simple Pendulum/PendulumOscillate.cs using Guid(79d649be72ac02544bb201cc82ff43d1) Importer(815301076,1909f56bfc062723c751e8b465ee728b)  -> (artifact id: '06861bd741c4f86b03259cb7cb3ae592') in 0.011292 seconds
  Import took 0.014426 seconds .

========================================================================
Received Prepare
Registering precompiled user dll's ...
Registered in 0.000965 seconds.
Begin MonoManager ReloadAssembly
Native extension for LinuxStandalone target not found
Native extension for WindowsStandalone target not found
Native extension for WebGL target not found
Refreshing native plugins compatible for Editor in 0.45 ms, found 0 plugins.
Preloading 0 native plugins for Editor in 0.00 ms.
Invoked RoslynAnalysisRunner static constructor.
RoslynAnalysisRunner will not be running.
RoslynAnalysisRunner has terminated.
Mono: successfully reloaded assembly
- Completed reload, in  1.503 seconds
Platform modules already initialized, skipping
Refreshing native plugins compatible for Editor in 0.29 ms, found 0 plugins.
Preloading 0 native plugins for Editor in 0.00 ms.
Unloading 1116 Unused Serialized files (Serialized files now loaded: 0)
System memory in use before: 61.9 MB.
System memory in use after: 62.0 MB.

Unloading 5 unused Assets to reduce memory usage. Loaded Objects now: 1671.
Total: 2.831000 ms (FindLiveObjects: 0.224900 ms CreateObjectMapping: 0.083900 ms MarkObjects: 2.467000 ms  DeleteObjects: 0.052800 ms)

========================================================================
Received Import Request.
  Time since last request: 21.249569 seconds.
  path: Assets/Scripts/VR/Simple Pendulum/TimerRecord.cs
  artifactKey: Guid(5a33d8763ad53bc47abe866a0fc54db5) Importer(815301076,1909f56bfc062723c751e8b465ee728b)
Start importing Assets/Scripts/VR/Simple Pendulum/TimerRecord.cs using Guid(5a33d8763ad53bc47abe866a0fc54db5) Importer(815301076,1909f56bfc062723c751e8b465ee728b)  -> (artifact id: '5de0da19fa94a5bef933e34a10391dc4') in 0.010288 seconds
  Import took 0.040344 seconds .

========================================================================
Received Import Request.
  Time since last request: 0.025788 seconds.
  path: Assets/Scripts/VR/Simple Pendulum/TimerRecord.cs
  artifactKey: Guid(5a33d8763ad53bc47abe866a0fc54db5) Importer(815301076,1909f56bfc062723c751e8b465ee728b)
Start importing Assets/Scripts/VR/Simple Pendulum/TimerRecord.cs using Guid(5a33d8763ad53bc47abe866a0fc54db5) Importer(815301076,1909f56bfc062723c751e8b465ee728b)  -> (artifact id: '5de0da19fa94a5bef933e34a10391dc4') in 0.008340 seconds
  Import took 0.012680 seconds .

========================================================================
Received Prepare
Registering precompiled user dll's ...
Registered in 0.001102 seconds.
Begin MonoManager ReloadAssembly
Native extension for LinuxStandalone target not found
Native extension for WindowsStandalone target not found
Native extension for WebGL target not found
Refreshing native plugins compatible for Editor in 0.29 ms, found 0 plugins.
Preloading 0 native plugins for Editor in 0.00 ms.
Invoked RoslynAnalysisRunner static constructor.
RoslynAnalysisRunner will not be running.
RoslynAnalysisRunner has terminated.
Mono: successfully reloaded assembly
- Completed reload, in  1.643 seconds
Platform modules already initialized, skipping
Refreshing native plugins compatible for Editor in 0.47 ms, found 0 plugins.
Preloading 0 native plugins for Editor in 0.00 ms.
Unloading 1116 Unused Serialized files (Serialized files now loaded: 0)
System memory in use before: 61.9 MB.
System memory in use after: 62.0 MB.

Unloading 4 unused Assets to reduce memory usage. Loaded Objects now: 1674.
Total: 3.590600 ms (FindLiveObjects: 0.296300 ms CreateObjectMapping: 0.099600 ms MarkObjects: 3.163300 ms  DeleteObjects: 0.029100 ms)

========================================================================
Received Import Request.
  Time since last request: 48.965269 seconds.
  path: Assets/Scripts/VR/Simple Pendulum/TimerRecord.cs
  artifactKey: Guid(5a33d8763ad53bc47abe866a0fc54db5) Importer(815301076,1909f56bfc062723c751e8b465ee728b)
Start importing Assets/Scripts/VR/Simple Pendulum/TimerRecord.cs using Guid(5a33d8763ad53bc47abe866a0fc54db5) Importer(815301076,1909f56bfc062723c751e8b465ee728b)  -> (artifact id: '82ce3b373289b4032087403c159c262e') in 0.010187 seconds
  Import took 0.021513 seconds .

========================================================================
Received Import Request.
  Time since last request: 2.733549 seconds.
  path: Assets/Scripts/VR/Simple Pendulum/TimerRecord.cs
  artifactKey: Guid(5a33d8763ad53bc47abe866a0fc54db5) Importer(815301076,1909f56bfc062723c751e8b465ee728b)
Start importing Assets/Scripts/VR/Simple Pendulum/TimerRecord.cs using Guid(5a33d8763ad53bc47abe866a0fc54db5) Importer(815301076,1909f56bfc062723c751e8b465ee728b)  -> (artifact id: '82ce3b373289b4032087403c159c262e') in 0.007068 seconds
  Import took 0.010752 seconds .

========================================================================
Received Prepare
Registering precompiled user dll's ...
Registered in 0.000955 seconds.
Begin MonoManager ReloadAssembly
Native extension for LinuxStandalone target not found
Native extension for WindowsStandalone target not found
Native extension for WebGL target not found
Refreshing native plugins compatible for Editor in 0.28 ms, found 0 plugins.
Preloading 0 native plugins for Editor in 0.00 ms.
Invoked RoslynAnalysisRunner static constructor.
RoslynAnalysisRunner will not be running.
RoslynAnalysisRunner has terminated.
Mono: successfully reloaded assembly
- Completed reload, in  1.415 seconds
Platform modules already initialized, skipping
Refreshing native plugins compatible for Editor in 0.44 ms, found 0 plugins.
Preloading 0 native plugins for Editor in 0.00 ms.
Unloading 1116 Unused Serialized files (Serialized files now loaded: 0)
System memory in use before: 61.9 MB.
System memory in use after: 62.0 MB.

Unloading 4 unused Assets to reduce memory usage. Loaded Objects now: 1677.
Total: 3.617300 ms (FindLiveObjects: 0.305100 ms CreateObjectMapping: 0.101500 ms MarkObjects: 3.176100 ms  DeleteObjects: 0.031500 ms)

========================================================================
Received Import Request.
  Time since last request: 71.847105 seconds.
  path: Assets/Scripts/VR/Simple Pendulum/TimerRecord.cs
  artifactKey: Guid(5a33d8763ad53bc47abe866a0fc54db5) Importer(815301076,1909f56bfc062723c751e8b465ee728b)
Start importing Assets/Scripts/VR/Simple Pendulum/TimerRecord.cs using Guid(5a33d8763ad53bc47abe866a0fc54db5) Importer(815301076,1909f56bfc062723c751e8b465ee728b)  -> (artifact id: 'ac253578afb32f332bafa8aa9fb10fa8') in 0.009937 seconds
  Import took 0.052526 seconds .

========================================================================
Received Import Request.
  Time since last request: 2.639514 seconds.
  path: Assets/Scripts/VR/Simple Pendulum/TimerRecord.cs
  artifactKey: Guid(5a33d8763ad53bc47abe866a0fc54db5) Importer(815301076,1909f56bfc062723c751e8b465ee728b)
Start importing Assets/Scripts/VR/Simple Pendulum/TimerRecord.cs using Guid(5a33d8763ad53bc47abe866a0fc54db5) Importer(815301076,1909f56bfc062723c751e8b465ee728b)  -> (artifact id: 'ac253578afb32f332bafa8aa9fb10fa8') in 0.006919 seconds
  Import took 0.011017 seconds .

========================================================================
Received Prepare
Registering precompiled user dll's ...
Registered in 0.000951 seconds.
Begin MonoManager ReloadAssembly
Native extension for LinuxStandalone target not found
Native extension for WindowsStandalone target not found
Native extension for WebGL target not found
Refreshing native plugins compatible for Editor in 0.28 ms, found 0 plugins.
Preloading 0 native plugins for Editor in 0.00 ms.
Invoked RoslynAnalysisRunner static constructor.
RoslynAnalysisRunner will not be running.
RoslynAnalysisRunner has terminated.
Mono: successfully reloaded assembly
- Completed reload, in  1.403 seconds
Platform modules already initialized, skipping
Refreshing native plugins compatible for Editor in 0.28 ms, found 0 plugins.
Preloading 0 native plugins for Editor in 0.00 ms.
Unloading 1116 Unused Serialized files (Serialized files now loaded: 0)
System memory in use before: 61.9 MB.
System memory in use after: 62.0 MB.

Unloading 4 unused Assets to reduce memory usage. Loaded Objects now: 1680.
Total: 3.170100 ms (FindLiveObjects: 0.220000 ms CreateObjectMapping: 0.077600 ms MarkObjects: 2.848100 ms  DeleteObjects: 0.022200 ms)

========================================================================
Received Import Request.
  Time since last request: 108.740421 seconds.
  path: Assets/Scripts/VR/Simple Pendulum/TimerRecord.cs
  artifactKey: Guid(5a33d8763ad53bc47abe866a0fc54db5) Importer(815301076,1909f56bfc062723c751e8b465ee728b)
Start importing Assets/Scripts/VR/Simple Pendulum/TimerRecord.cs using Guid(5a33d8763ad53bc47abe866a0fc54db5) Importer(815301076,1909f56bfc062723c751e8b465ee728b)  -> (artifact id: '6ee8a37cc0b8c0a6fd57bcf4d4c5396d') in 0.007640 seconds
  Import took 0.041625 seconds .

========================================================================
Received Prepare
Registering precompiled user dll's ...
Registered in 0.003943 seconds.
Begin MonoManager ReloadAssembly
Native extension for LinuxStandalone target not found
Native extension for WindowsStandalone target not found
Native extension for WebGL target not found
Refreshing native plugins compatible for Editor in 0.28 ms, found 0 plugins.
Preloading 0 native plugins for Editor in 0.00 ms.
Invoked RoslynAnalysisRunner static constructor.
RoslynAnalysisRunner will not be running.
RoslynAnalysisRunner has terminated.
Mono: successfully reloaded assembly
- Completed reload, in  1.432 seconds
Platform modules already initialized, skipping
Refreshing native plugins compatible for Editor in 0.35 ms, found 0 plugins.
Preloading 0 native plugins for Editor in 0.00 ms.
Unloading 1116 Unused Serialized files (Serialized files now loaded: 0)
System memory in use before: 61.9 MB.
System memory in use after: 62.0 MB.

Unloading 4 unused Assets to reduce memory usage. Loaded Objects now: 1683.
Total: 3.044900 ms (FindLiveObjects: 0.228400 ms CreateObjectMapping: 0.070700 ms MarkObjects: 2.695500 ms  DeleteObjects: 0.047300 ms)

========================================================================
Received Import Request.
  Time since last request: 86.843092 seconds.
  path: Assets/Scripts/VR/Simple Pendulum/TimerRecord.cs
  artifactKey: Guid(5a33d8763ad53bc47abe866a0fc54db5) Importer(815301076,1909f56bfc062723c751e8b465ee728b)
Start importing Assets/Scripts/VR/Simple Pendulum/TimerRecord.cs using Guid(5a33d8763ad53bc47abe866a0fc54db5) Importer(815301076,1909f56bfc062723c751e8b465ee728b)  -> (artifact id: '1b88879c357e6221cd161214d0109ad2') in 0.008458 seconds
  Import took 0.011797 seconds .

========================================================================
Received Prepare
Registering precompiled user dll's ...
Registered in 0.000967 seconds.
Begin MonoManager ReloadAssembly
Native extension for LinuxStandalone target not found
Native extension for WindowsStandalone target not found
Native extension for WebGL target not found
Refreshing native plugins compatible for Editor in 0.29 ms, found 0 plugins.
Preloading 0 native plugins for Editor in 0.00 ms.
Invoked RoslynAnalysisRunner static constructor.
RoslynAnalysisRunner will not be running.
RoslynAnalysisRunner has terminated.
Mono: successfully reloaded assembly
- Completed reload, in  1.541 seconds
Platform modules already initialized, skipping
Refreshing native plugins compatible for Editor in 0.28 ms, found 0 plugins.
Preloading 0 native plugins for Editor in 0.00 ms.
Unloading 1116 Unused Serialized files (Serialized files now loaded: 0)
System memory in use before: 61.9 MB.
System memory in use after: 62.0 MB.

Unloading 4 unused Assets to reduce memory usage. Loaded Objects now: 1686.
Total: 3.284500 ms (FindLiveObjects: 0.213000 ms CreateObjectMapping: 0.061800 ms MarkObjects: 2.981800 ms  DeleteObjects: 0.025600 ms)

========================================================================
Received Prepare
Registering precompiled user dll's ...
Registered in 0.000955 seconds.
Begin MonoManager ReloadAssembly
Native extension for LinuxStandalone target not found
Native extension for WindowsStandalone target not found
Native extension for WebGL target not found
Refreshing native plugins compatible for Editor in 0.28 ms, found 0 plugins.
Preloading 0 native plugins for Editor in 0.00 ms.
Invoked RoslynAnalysisRunner static constructor.
RoslynAnalysisRunner will not be running.
RoslynAnalysisRunner has terminated.
Mono: successfully reloaded assembly
- Completed reload, in  1.548 seconds
Platform modules already initialized, skipping
Refreshing native plugins compatible for Editor in 0.28 ms, found 0 plugins.
Preloading 0 native plugins for Editor in 0.00 ms.
Unloading 1116 Unused Serialized files (Serialized files now loaded: 0)
System memory in use before: 61.9 MB.
System memory in use after: 62.0 MB.

Unloading 4 unused Assets to reduce memory usage. Loaded Objects now: 1689.
Total: 3.132400 ms (FindLiveObjects: 0.237300 ms CreateObjectMapping: 0.063200 ms MarkObjects: 2.803900 ms  DeleteObjects: 0.025700 ms)

========================================================================
Received Import Request.
  Time since last request: 135.862543 seconds.
  path: Assets/Scripts/VR/Simple Pendulum/TimerRecord.cs
  artifactKey: Guid(5a33d8763ad53bc47abe866a0fc54db5) Importer(815301076,1909f56bfc062723c751e8b465ee728b)
Start importing Assets/Scripts/VR/Simple Pendulum/TimerRecord.cs using Guid(5a33d8763ad53bc47abe866a0fc54db5) Importer(815301076,1909f56bfc062723c751e8b465ee728b)  -> (artifact id: 'a0b6f52f9ad6600959030ef5a6a9ab4e') in 0.008673 seconds
  Import took 0.027530 seconds .

========================================================================
Received Prepare
Registering precompiled user dll's ...
Registered in 0.031503 seconds.
Begin MonoManager ReloadAssembly
Native extension for LinuxStandalone target not found
Native extension for WindowsStandalone target not found
Native extension for WebGL target not found
Refreshing native plugins compatible for Editor in 0.83 ms, found 0 plugins.
Preloading 0 native plugins for Editor in 0.00 ms.
Invoked RoslynAnalysisRunner static constructor.
RoslynAnalysisRunner will not be running.
RoslynAnalysisRunner has terminated.
Mono: successfully reloaded assembly
- Completed reload, in 14.551 seconds
Platform modules already initialized, skipping
Refreshing native plugins compatible for Editor in 0.28 ms, found 0 plugins.
Preloading 0 native plugins for Editor in 0.00 ms.
Unloading 1116 Unused Serialized files (Serialized files now loaded: 0)
System memory in use before: 61.9 MB.
System memory in use after: 62.0 MB.

Unloading 4 unused Assets to reduce memory usage. Loaded Objects now: 1692.
Total: 2.968700 ms (FindLiveObjects: 0.218600 ms CreateObjectMapping: 0.091700 ms MarkObjects: 2.616500 ms  DeleteObjects: 0.039600 ms)

AssetImportWorkerClient::OnTransportError - code=2 error=End of file
