Using pre-set license
Built from '2020.3/staging' branch; Version is '2020.3.0f1 (c7b5465681fb) revision 13088070'; Using compiler version '192528614'; Build Type 'Release'
OS: 'Windows 10 Home Single Language; OS build 19042.867; Version 2009; 64bit' Language: 'en' Physical Memory: 3961 MB
BatchMode: 1, IsHumanControllingUs: 0, StartBugReporterOnCrash: 0, Is64bit: 1, IsPro: 0

 COMMAND LINE ARGUMENTS:
C:\Program Files\Unity\Hub\Editor\2020.3.0f1\Editor\Unity.exe
-adb2
-batchMode
-noUpm
-name
AssetImportWorker4
-projectPath
C:/Users/DELL/Desktop/LabVR
-logFile
Logs/AssetImportWorker4.log
-srvPort
50120
Successfully changed project path to: C:/Users/DELL/Desktop/LabVR
C:/Users/DELL/Desktop/LabVR
Using Asset Import Pipeline V2.
Refreshing native plugins compatible for Editor in 42.21 ms, found 0 plugins.
Preloading 0 native plugins for Editor in 0.00 ms.
Initialize engine version: 2020.3.0f1 (c7b5465681fb)
[Subsystems] Discovering subsystems at path C:/Program Files/Unity/Hub/Editor/2020.3.0f1/Editor/Data/Resources/UnitySubsystems
[Subsystems] Discovering subsystems at path C:/Users/DELL/Desktop/LabVR/Assets
GfxDevice: creating device client; threaded=0
Direct3D:
    Version:  Direct3D 11.0 [level 11.1]
    Renderer: Intel(R) HD Graphics 620 (ID=0x5921)
    Vendor:   
    VRAM:     1980 MB
    Driver:   23.20.16.4973
Initialize mono
Mono path[0] = 'C:/Program Files/Unity/Hub/Editor/2020.3.0f1/Editor/Data/Managed'
Mono path[1] = 'C:/Program Files/Unity/Hub/Editor/2020.3.0f1/Editor/Data/MonoBleedingEdge/lib/mono/unityjit'
Mono config path = 'C:/Program Files/Unity/Hub/Editor/2020.3.0f1/Editor/Data/MonoBleedingEdge/etc'
Using monoOptions --debugger-agent=transport=dt_socket,embedding=1,server=y,suspend=n,address=127.0.0.1:56580
Begin MonoManager ReloadAssembly
Registering precompiled unity dll's ...
Register platform support module: C:/Program Files/Unity/Hub/Editor/2020.3.0f1/Editor/Data/PlaybackEngines/WebGLSupport/UnityEditor.WebGL.Extensions.dll
Register platform support module: C:/Program Files/Unity/Hub/Editor/2020.3.0f1/Editor/Data/PlaybackEngines/WindowsStandaloneSupport/UnityEditor.WindowsStandalone.Extensions.dll
Registered in 0.008359 seconds.
Native extension for WindowsStandalone target not found
Native extension for WebGL target not found
Refreshing native plugins compatible for Editor in 36.91 ms, found 0 plugins.
Preloading 0 native plugins for Editor in 0.00 ms.
Invoked RoslynAnalysisRunner static constructor.
RoslynAnalysisRunner will not be running.
RoslynAnalysisRunner has terminated.
Mono: successfully reloaded assembly
- Completed reload, in  2.209 seconds
Platform modules already initialized, skipping
Registering precompiled user dll's ...
Registered in 0.000982 seconds.
Begin MonoManager ReloadAssembly
Native extension for WindowsStandalone target not found
Native extension for WebGL target not found
Refreshing native plugins compatible for Editor in 0.28 ms, found 0 plugins.
Preloading 0 native plugins for Editor in 0.00 ms.
Invoked RoslynAnalysisRunner static constructor.
RoslynAnalysisRunner will not be running.
RoslynAnalysisRunner has terminated.
Mono: successfully reloaded assembly
- Completed reload, in  1.980 seconds
Platform modules already initialized, skipping
========================================================================
Worker process is ready to serve import requests
Launched and connected shader compiler UnityShaderCompiler.exe after 0.59 seconds
Refreshing native plugins compatible for Editor in 0.27 ms, found 0 plugins.
Preloading 0 native plugins for Editor in 0.00 ms.
Unloading 1130 Unused Serialized files (Serialized files now loaded: 0)
System memory in use before: 59.0 MB.
System memory in use after: 59.1 MB.

Unloading 9 unused Assets to reduce memory usage. Loaded Objects now: 1574.
Total: 4.974600 ms (FindLiveObjects: 0.330900 ms CreateObjectMapping: 0.620900 ms MarkObjects: 3.901700 ms  DeleteObjects: 0.117200 ms)

========================================================================
Received Import Request.
  path: Assets/Scenes/Simple Pendulum.unity
  artifactKey: Guid(0be47b1667ad4c549b32207feaa4be9c) Importer(815301076,1909f56bfc062723c751e8b465ee728b)
Start importing Assets/Scenes/Simple Pendulum.unity using Guid(0be47b1667ad4c549b32207feaa4be9c) Importer(815301076,1909f56bfc062723c751e8b465ee728b)  -> (artifact id: '83aff9564640450e21b93d6992457d8b') in 0.112285 seconds
  Import took 0.156032 seconds .

========================================================================
Received Import Request.
  Time since last request: 0.025010 seconds.
  path: Assets/Scenes/Simple Pendulum 1.unity
  artifactKey: Guid(aef95e69f0a3a1b428bd81c057a98b3d) Importer(815301076,1909f56bfc062723c751e8b465ee728b)
Start importing Assets/Scenes/Simple Pendulum 1.unity using Guid(aef95e69f0a3a1b428bd81c057a98b3d) Importer(815301076,1909f56bfc062723c751e8b465ee728b)  -> (artifact id: '20f282b8a6fe1cf8088c8ab41213abb4') in 0.053145 seconds
  Import took 0.080726 seconds .

========================================================================
Received Import Request.
  Time since last request: 46.701231 seconds.
  path: Assets/Scenes/Hookes Law.unity
  artifactKey: Guid(aef95e69f0a3a1b428bd81c057a98b3d) Importer(815301076,1909f56bfc062723c751e8b465ee728b)
Start importing Assets/Scenes/Hookes Law.unity using Guid(aef95e69f0a3a1b428bd81c057a98b3d) Importer(815301076,1909f56bfc062723c751e8b465ee728b)  -> (artifact id: '00a002b77be3637ac162bf48c3ed4f06') in 0.110306 seconds
  Import took 0.146201 seconds .

========================================================================
Received Import Request.
  Time since last request: 112.195136 seconds.
  path: Assets/Scenes/Hookes Law.unity
  artifactKey: Guid(aef95e69f0a3a1b428bd81c057a98b3d) Importer(815301076,1909f56bfc062723c751e8b465ee728b)
Start importing Assets/Scenes/Hookes Law.unity using Guid(aef95e69f0a3a1b428bd81c057a98b3d) Importer(815301076,1909f56bfc062723c751e8b465ee728b)  -> (artifact id: '80bb392e3265d8fce3f95bdd84157113') in 0.040833 seconds
  Import took 0.079405 seconds .

========================================================================
Received Prepare
Registering precompiled user dll's ...
Registered in 0.135747 seconds.
Begin MonoManager ReloadAssembly
Native extension for WindowsStandalone target not found
Native extension for WebGL target not found
Refreshing native plugins compatible for Editor in 0.30 ms, found 0 plugins.
Preloading 0 native plugins for Editor in 0.00 ms.
Invoked RoslynAnalysisRunner static constructor.
RoslynAnalysisRunner will not be running.
RoslynAnalysisRunner has terminated.
Mono: successfully reloaded assembly
- Completed reload, in  1.693 seconds
Platform modules already initialized, skipping
Refreshing native plugins compatible for Editor in 4.12 ms, found 0 plugins.
Preloading 0 native plugins for Editor in 0.00 ms.
Unloading 1111 Unused Serialized files (Serialized files now loaded: 0)
System memory in use before: 57.9 MB.
System memory in use after: 58.0 MB.

Unloading 4 unused Assets to reduce memory usage. Loaded Objects now: 1577.
Total: 39.162200 ms (FindLiveObjects: 10.702700 ms CreateObjectMapping: 21.942900 ms MarkObjects: 6.468700 ms  DeleteObjects: 0.044100 ms)

========================================================================
Received Import Request.
  Time since last request: 147.128483 seconds.
  path: Assets/Scenes/Hookes Law.unity
  artifactKey: Guid(aef95e69f0a3a1b428bd81c057a98b3d) Importer(815301076,1909f56bfc062723c751e8b465ee728b)
Start importing Assets/Scenes/Hookes Law.unity using Guid(aef95e69f0a3a1b428bd81c057a98b3d) Importer(815301076,1909f56bfc062723c751e8b465ee728b)  -> (artifact id: '6d60226bbc5d08f2a14cd72270779008') in 0.207624 seconds
  Import took 0.283420 seconds .

========================================================================
Received Import Request.
  Time since last request: 43.287058 seconds.
  path: Assets/Scripts/Pendulum/CameraRotate.cs
  artifactKey: Guid(3d072f73d2daaa24bbf2dbab002a210b) Importer(815301076,1909f56bfc062723c751e8b465ee728b)
Start importing Assets/Scripts/Pendulum/CameraRotate.cs using Guid(3d072f73d2daaa24bbf2dbab002a210b) Importer(815301076,1909f56bfc062723c751e8b465ee728b)  -> (artifact id: '6c8c2e9f2ee81fe4e9fc4a47b0f8699c') in 0.839747 seconds
  Import took 0.843558 seconds .

========================================================================
Received Import Request.
  Time since last request: 8.697746 seconds.
  path: Assets/Scripts/Pendulum/CameraRotate.cs
  artifactKey: Guid(3d072f73d2daaa24bbf2dbab002a210b) Importer(815301076,1909f56bfc062723c751e8b465ee728b)
Start importing Assets/Scripts/Pendulum/CameraRotate.cs using Guid(3d072f73d2daaa24bbf2dbab002a210b) Importer(815301076,1909f56bfc062723c751e8b465ee728b)  -> (artifact id: '6c8c2e9f2ee81fe4e9fc4a47b0f8699c') in 0.016227 seconds
  Import took 0.048440 seconds .

========================================================================
Received Prepare
Registering precompiled user dll's ...
Registered in 0.001112 seconds.
Begin MonoManager ReloadAssembly
Native extension for WindowsStandalone target not found
Native extension for WebGL target not found
Refreshing native plugins compatible for Editor in 0.31 ms, found 0 plugins.
Preloading 0 native plugins for Editor in 0.00 ms.
Invoked RoslynAnalysisRunner static constructor.
RoslynAnalysisRunner will not be running.
RoslynAnalysisRunner has terminated.
Mono: successfully reloaded assembly
- Completed reload, in  2.782 seconds
Platform modules already initialized, skipping
Refreshing native plugins compatible for Editor in 0.42 ms, found 0 plugins.
Preloading 0 native plugins for Editor in 0.00 ms.
Unloading 1111 Unused Serialized files (Serialized files now loaded: 0)
System memory in use before: 57.9 MB.
System memory in use after: 58.0 MB.

Unloading 4 unused Assets to reduce memory usage. Loaded Objects now: 1580.
Total: 3.543600 ms (FindLiveObjects: 0.302200 ms CreateObjectMapping: 0.100700 ms MarkObjects: 3.110800 ms  DeleteObjects: 0.024600 ms)

========================================================================
Received Prepare
Registering precompiled user dll's ...
Registered in 0.001886 seconds.
Begin MonoManager ReloadAssembly
Native extension for WindowsStandalone target not found
Native extension for WebGL target not found
Refreshing native plugins compatible for Editor in 0.28 ms, found 0 plugins.
Preloading 0 native plugins for Editor in 0.00 ms.
Invoked RoslynAnalysisRunner static constructor.
RoslynAnalysisRunner will not be running.
RoslynAnalysisRunner has terminated.
Mono: successfully reloaded assembly
- Completed reload, in  1.566 seconds
Platform modules already initialized, skipping
Refreshing native plugins compatible for Editor in 0.27 ms, found 0 plugins.
Preloading 0 native plugins for Editor in 0.00 ms.
Unloading 1111 Unused Serialized files (Serialized files now loaded: 0)
System memory in use before: 57.9 MB.
System memory in use after: 58.0 MB.

Unloading 4 unused Assets to reduce memory usage. Loaded Objects now: 1583.
Total: 2.242400 ms (FindLiveObjects: 0.195200 ms CreateObjectMapping: 0.058100 ms MarkObjects: 1.940600 ms  DeleteObjects: 0.045400 ms)

========================================================================
Received Import Request.
  Time since last request: 47.891137 seconds.
  path: Assets/Scripts/Hookes Law
  artifactKey: Guid(30b90bcbbe1c9024596cfb795cbbba8c) Importer(815301076,1909f56bfc062723c751e8b465ee728b)
Start importing Assets/Scripts/Hookes Law using Guid(30b90bcbbe1c9024596cfb795cbbba8c) Importer(815301076,1909f56bfc062723c751e8b465ee728b)  -> (artifact id: 'bf4299b743c62fe060c2f87a0d5355a6') in 0.022265 seconds
  Import took 0.043542 seconds .

========================================================================
Received Import Request.
  Time since last request: 3.327173 seconds.
  path: Assets/Scripts/Pendulum/Observations.cs
  artifactKey: Guid(7652ccda78cc62940816f5d6c97028ff) Importer(815301076,1909f56bfc062723c751e8b465ee728b)
Start importing Assets/Scripts/Pendulum/Observations.cs using Guid(7652ccda78cc62940816f5d6c97028ff) Importer(815301076,1909f56bfc062723c751e8b465ee728b)  -> (artifact id: '38b78221d252a1c7385dbf4a60ee714c') in 0.048661 seconds
  Import took 0.071584 seconds .

========================================================================
Received Prepare
Registering precompiled user dll's ...
Registered in 0.001391 seconds.
Begin MonoManager ReloadAssembly
Native extension for WindowsStandalone target not found
Native extension for WebGL target not found
Refreshing native plugins compatible for Editor in 0.61 ms, found 0 plugins.
Preloading 0 native plugins for Editor in 0.00 ms.
Invoked RoslynAnalysisRunner static constructor.
RoslynAnalysisRunner will not be running.
RoslynAnalysisRunner has terminated.
Mono: successfully reloaded assembly
- Completed reload, in  2.121 seconds
Platform modules already initialized, skipping
Refreshing native plugins compatible for Editor in 0.28 ms, found 0 plugins.
Preloading 0 native plugins for Editor in 0.00 ms.
Unloading 1111 Unused Serialized files (Serialized files now loaded: 0)
System memory in use before: 57.9 MB.
System memory in use after: 58.0 MB.

Unloading 4 unused Assets to reduce memory usage. Loaded Objects now: 1586.
Total: 2.914600 ms (FindLiveObjects: 0.282900 ms CreateObjectMapping: 0.105400 ms MarkObjects: 2.498000 ms  DeleteObjects: 0.026400 ms)

========================================================================
Received Import Request.
  Time since last request: 67.933772 seconds.
  path: Assets/Scenes/Hookes Law.unity
  artifactKey: Guid(aef95e69f0a3a1b428bd81c057a98b3d) Importer(815301076,1909f56bfc062723c751e8b465ee728b)
Start importing Assets/Scenes/Hookes Law.unity using Guid(aef95e69f0a3a1b428bd81c057a98b3d) Importer(815301076,1909f56bfc062723c751e8b465ee728b)  -> (artifact id: '6676359464ebc143720e73d813e23a11') in 0.126008 seconds
  Import took 0.168942 seconds .

========================================================================
Received Prepare
Registering precompiled user dll's ...
Registered in 0.105307 seconds.
Begin MonoManager ReloadAssembly
Native extension for WindowsStandalone target not found
Native extension for WebGL target not found
Refreshing native plugins compatible for Editor in 0.28 ms, found 0 plugins.
Preloading 0 native plugins for Editor in 0.00 ms.
Invoked RoslynAnalysisRunner static constructor.
RoslynAnalysisRunner will not be running.
RoslynAnalysisRunner has terminated.
Mono: successfully reloaded assembly
- Completed reload, in  1.718 seconds
Platform modules already initialized, skipping
Refreshing native plugins compatible for Editor in 0.57 ms, found 0 plugins.
Preloading 0 native plugins for Editor in 0.00 ms.
Unloading 1111 Unused Serialized files (Serialized files now loaded: 0)
System memory in use before: 58.0 MB.
System memory in use after: 58.1 MB.

Unloading 4 unused Assets to reduce memory usage. Loaded Objects now: 1589.
Total: 4.643800 ms (FindLiveObjects: 0.357700 ms CreateObjectMapping: 0.129400 ms MarkObjects: 4.109500 ms  DeleteObjects: 0.043100 ms)

AssetImportWorkerClient::OnTransportError - code=2 error=End of file
